生成启动时间为 2018/8/29 9:19:13。
     1>项目“E:\project\Five\Five.vcxproj”在节点 2 上(Build 个目标)。
     1>ClCompile:
         D:\Program Files (x86)\Microsoft Visual Studio 11.0\VC\bin\CL.exe /c /I./includes /ZI /nologo /W3 /WX- /Od /Oy- /D WIN32 /D _WINDOWS /D _DEBUG /D _UNICODE /D UNICODE /D _AFXDLL /Gm /EHsc /RTC1 /MDd /GS /fp:precise /Zc:wchar_t /Zc:forScope /Yu"stdafx.h" /Fp"Debug\Five.pch" /Fo"Debug\\" /Fd"Debug\vc110.pdb" /Gd /TP /analyze- /errorReport:prompt Engine.cpp
         Engine.cpp
     1>e:\project\five\includes\basic\threadbase.h(61): warning C4244: “参数”: 从“time_t”转换到“DWORD”，可能丢失数据
     1>e:\project\five\engine.cpp(1585): warning C4244: “初始化”: 从“time_t”转换到“long”，可能丢失数据
       Link:
         D:\Program Files (x86)\Microsoft Visual Studio 11.0\VC\bin\link.exe /ERRORREPORT:PROMPT /OUT:"E:\project\Five\Debug\Five.exe" /INCREMENTAL /NOLOGO /LIBPATH:./lib GdiPlus.lib basic2V9.lib /MANIFEST /MANIFESTUAC:"level='asInvoker' uiAccess='false'" /manifest:embed /manifestinput:"D:\Program Files (x86)\Microsoft Visual Studio 11.0\VC\Include\Manifest\dpiaware.manifest" /DEBUG /PDB:"E:\project\Five\Debug\Five.pdb" /SUBSYSTEM:WINDOWS /TLBID:1 /ENTRY:"wWinMainCRTStartup" /DYNAMICBASE /NXCOMPAT /IMPLIB:"E:\project\Five\Debug\Five.lib" /MACHINE:X86 /SAFESEH Debug\Five.res
         Debug\CalculateTask.obj
         Debug\Engine.obj
         Debug\Five.obj
         Debug\FiveDlg.obj
         Debug\stdafx.obj
         Debug\Task.obj
         Debug\ThreadAI.obj
     1>CalculateTask.obj : warning LNK4075: 忽略“/EDITANDCONTINUE”(由于“/SAFESEH”规范)
         Five.vcxproj -> E:\project\Five\Debug\Five.exe
     1>已完成生成项目“E:\project\Five\Five.vcxproj”(Build 个目标)的操作。

生成成功。

已用时间 00:01:08.37
