E:\PROJECT\FIVE\RELEASE\FIVE.PCH
E:\PROJECT\FIVE\RELEASE\STDAFX.OBJ
E:\PROJECT\FIVE\RELEASE\VC110.PDB
E:\PROJECT\FIVE\RELEASE\THREADAI.OBJ
E:\PROJECT\FIVE\RELEASE\TASK.OBJ
E:\PROJECT\FIVE\RELEASE\FIVEDLG.OBJ
E:\PROJECT\FIVE\RELEASE\FIVE.OBJ
E:\PROJECT\FIVE\RELEASE\CALCULATETASK.OBJ
E:\PROJECT\FIVE\RELEASE\ENGINE.OBJ
E:\PROJECT\FIVE\RELEASE\FIVE.EXE
E:\PROJECT\FIVE\RELEASE\FIVE.PDB
E:\PROJECT\FIVE\RELEASE\FIVE.RES
E:\project\Five\Release\CalculateTask.obj
E:\project\Five\Release\Engine.obj
E:\project\Five\Release\Five.obj
E:\project\Five\Release\FiveDlg.obj
E:\project\Five\Release\stdafx.obj
E:\project\Five\Release\Task.obj
E:\project\Five\Release\ThreadAI.obj
E:\project\Five\Release\cl.command.1.tlog
E:\project\Five\Release\CL.read.1.tlog
E:\project\Five\Release\CL.write.1.tlog
E:\project\Five\Release\link-cvtres.read.1.tlog
E:\project\Five\Release\link-cvtres.write.1.tlog
E:\project\Five\Release\link-mt.read.1.tlog
E:\project\Five\Release\link-mt.write.1.tlog
E:\project\Five\Release\link-rc.read.1.tlog
E:\project\Five\Release\link-rc.write.1.tlog
E:\project\Five\Release\link.command.1.tlog
E:\project\Five\Release\link.read.1.tlog
E:\project\Five\Release\link.write.1.tlog
E:\project\Five\Release\rc.command.1.tlog
E:\project\Five\Release\rc.read.1.tlog
E:\project\Five\Release\rc.write.1.tlog
E:\project\Five\Release\Five.res
E:\project\Five\Release\Five.pch
E:\project\Five\Release\Five.pdb
E:\project\Five\Release\vc110.pdb
E:\project\Five\Release\Five.exe
